# JRE version: OpenJDK Runtime Environment Temurin-17.0.7+7 (17.0.7+7) (build 17.0.7+7)
# Java VM: OpenJDK 64-Bit Server VM Temurin-17.0.7+7 (17.0.7+7, mixed mode, tiered, compressed oops, compressed class ptrs, g1 gc, windows-amd64)
GC Precious Log:
 CPUs: 4 total, 4 available
 Memory: 3795M
 Large Page Support: Disabled
 NUMA Support: Disabled
 Compressed Oops: Enabled (32-bit)
 Heap Region Size: 1M
 Heap Min Capacity: 8M
 Heap Initial Capacity: 60M
 Heap Max Capacity: 950M
 Pre-touch: Disabled
 Parallel Workers: 4
 Concurrent Workers: 1
 Concurrent Refinement Workers: 4
 Periodic GC: Disabled
Heap:
 garbage-first heap   total 53248K, used 35609K [0x00000000c4a00000, 0x0000000100000000)
  region size 1024K, 8 young (8192K), 1 survivors (1024K)
 Metaspace       used 74174K, committed 74688K, reserved 1114112K
  class space    used 9898K, committed 10112K, reserved 1048576K
GC Heap History (20 events):
Event: 86.242 GC heap before
{Heap before GC invocations=24 (full 0):
 garbage-first heap   total 45056K, used 32548K [0x00000000c4a00000, 0x0000000100000000)
  region size 1024K, 12 young (12288K), 2 survivors (2048K)
 Metaspace       used 63522K, committed 64000K, reserved 1114112K
  class space    used 8476K, committed 8704K, reserved 1048576K
}
Event: 86.247 GC heap after
{Heap after GC invocations=25 (full 0):
 garbage-first heap   total 45056K, used 24144K [0x00000000c4a00000, 0x0000000100000000)
  region size 1024K, 2 young (2048K), 2 survivors (2048K)
 Metaspace       used 63522K, committed 64000K, reserved 1114112K
  class space    used 8476K, committed 8704K, reserved 1048576K
}
Event: 87.281 GC heap before
{Heap before GC invocations=25 (full 0):
 garbage-first heap   total 45056K, used 33360K [0x00000000c4a00000, 0x0000000100000000)
  region size 1024K, 12 young (12288K), 2 survivors (2048K)
 Metaspace       used 65687K, committed 66176K, reserved 1114112K
  class space    used 8742K, committed 8960K, reserved 1048576K
}
Event: 87.287 GC heap after
{Heap after GC invocations=26 (full 0):
 garbage-first heap   total 45056K, used 25019K [0x00000000c4a00000, 0x0000000100000000)
  region size 1024K, 2 young (2048K), 2 survivors (2048K)
 Metaspace       used 65687K, committed 66176K, reserved 1114112K
  class space    used 8742K, committed 8960K, reserved 1048576K
}
Event: 87.790 GC heap before
{Heap before GC invocations=27 (full 0):
 garbage-first heap   total 46080K, used 35259K [0x00000000c4a00000, 0x0000000100000000)
  region size 1024K, 12 young (12288K), 2 survivors (2048K)
 Metaspace       used 66054K, committed 66560K, reserved 1114112K
  class space    used 8812K, committed 9024K, reserved 1048576K
}
Event: 87.795 GC heap after
{Heap after GC invocations=28 (full 0):
 garbage-first heap   total 46080K, used 25605K [0x00000000c4a00000, 0x0000000100000000)
  region size 1024K, 2 young (2048K), 2 survivors (2048K)
 Metaspace       used 66054K, committed 66560K, reserved 1114112K
  class space    used 8812K, committed 9024K, reserved 1048576K
}
Event: 88.341 GC heap before
{Heap before GC invocations=28 (full 0):
 garbage-first heap   total 46080K, used 35845K [0x00000000c4a00000, 0x0000000100000000)
  region size 1024K, 12 young (12288K), 2 survivors (2048K)
 Metaspace       used 67128K, committed 67584K, reserved 1114112K
  class space    used 8945K, committed 9152K, reserved 1048576K
}
Event: 88.344 GC heap after
{Heap after GC invocations=29 (full 0):
 garbage-first heap   total 46080K, used 26131K [0x00000000c4a00000, 0x0000000100000000)
  region size 1024K, 1 young (1024K), 1 survivors (1024K)
 Metaspace       used 67128K, committed 67584K, reserved 1114112K
  class space    used 8945K, committed 9152K, reserved 1048576K
}
Event: 88.650 GC heap before
{Heap before GC invocations=30 (full 0):
 garbage-first heap   total 48128K, used 36371K [0x00000000c4a00000, 0x0000000100000000)
  region size 1024K, 11 young (11264K), 1 survivors (1024K)
 Metaspace       used 67228K, committed 67712K, reserved 1114112K
  class space    used 8950K, committed 9152K, reserved 1048576K
}
Event: 88.652 GC heap after
{Heap after GC invocations=31 (full 0):
 garbage-first heap   total 48128K, used 26208K [0x00000000c4a00000, 0x0000000100000000)
  region size 1024K, 2 young (2048K), 2 survivors (2048K)
 Metaspace       used 67228K, committed 67712K, reserved 1114112K
  class space    used 8950K, committed 9152K, reserved 1048576K
}
Event: 89.500 GC heap before
{Heap before GC invocations=31 (full 0):
 garbage-first heap   total 48128K, used 37472K [0x00000000c4a00000, 0x0000000100000000)
  region size 1024K, 13 young (13312K), 2 survivors (2048K)
 Metaspace       used 67884K, committed 68352K, reserved 1114112K
  class space    used 9044K, committed 9280K, reserved 1048576K
}
Event: 89.506 GC heap after
{Heap after GC invocations=32 (full 0):
 garbage-first heap   total 48128K, used 26986K [0x00000000c4a00000, 0x0000000100000000)
  region size 1024K, 2 young (2048K), 2 survivors (2048K)
 Metaspace       used 67884K, committed 68352K, reserved 1114112K
  class space    used 9044K, committed 9280K, reserved 1048576K
}
Event: 91.745 GC heap before
{Heap before GC invocations=33 (full 0):
 garbage-first heap   total 50176K, used 38250K [0x00000000c4a00000, 0x0000000100000000)
  region size 1024K, 13 young (13312K), 2 survivors (2048K)
 Metaspace       used 69388K, committed 69888K, reserved 1114112K
  class space    used 9239K, committed 9472K, reserved 1048576K
}
Event: 91.751 GC heap after
{Heap after GC invocations=34 (full 0):
 garbage-first heap   total 50176K, used 28082K [0x00000000c4a00000, 0x0000000100000000)
  region size 1024K, 2 young (2048K), 2 survivors (2048K)
 Metaspace       used 69388K, committed 69888K, reserved 1114112K
  class space    used 9239K, committed 9472K, reserved 1048576K
}
Event: 165.838 GC heap before
{Heap before GC invocations=34 (full 0):
 garbage-first heap   total 50176K, used 40370K [0x00000000c4a00000, 0x0000000100000000)
  region size 1024K, 14 young (14336K), 2 survivors (2048K)
 Metaspace       used 70461K, committed 70976K, reserved 1114112K
  class space    used 9396K, committed 9664K, reserved 1048576K
}
Event: 165.845 GC heap after
{Heap after GC invocations=35 (full 0):
 garbage-first heap   total 50176K, used 28900K [0x00000000c4a00000, 0x0000000100000000)
  region size 1024K, 1 young (1024K), 1 survivors (1024K)
 Metaspace       used 70461K, committed 70976K, reserved 1114112K
  class space    used 9396K, committed 9664K, reserved 1048576K
}
Event: 265.144 GC heap before
{Heap before GC invocations=36 (full 0):
 garbage-first heap   total 53248K, used 39140K [0x00000000c4a00000, 0x0000000100000000)
  region size 1024K, 11 young (11264K), 1 survivors (1024K)
 Metaspace       used 72449K, committed 72960K, reserved 1114112K
  class space    used 9637K, committed 9856K, reserved 1048576K
}
Event: 265.149 GC heap after
{Heap after GC invocations=37 (full 0):
 garbage-first heap   total 53248K, used 29294K [0x00000000c4a00000, 0x0000000100000000)
  region size 1024K, 2 young (2048K), 2 survivors (2048K)
 Metaspace       used 72449K, committed 72960K, reserved 1114112K
  class space    used 9637K, committed 9856K, reserved 1048576K
}
Event: 265.435 GC heap before
{Heap before GC invocations=37 (full 0):
 garbage-first heap   total 53248K, used 29294K [0x00000000c4a00000, 0x0000000100000000)
  region size 1024K, 3 young (3072K), 2 survivors (2048K)
 Metaspace       used 72607K, committed 73152K, reserved 1114112K
  class space    used 9665K, committed 9920K, reserved 1048576K
}
Event: 265.439 GC heap after
{Heap after GC invocations=38 (full 0):
 garbage-first heap   total 53248K, used 29465K [0x00000000c4a00000, 0x0000000100000000)
  region size 1024K, 1 young (1024K), 1 survivors (1024K)
 Metaspace       used 72607K, committed 73152K, reserved 1114112K
  class space    used 9665K, committed 9920K, reserved 1048576K
}

